Removed Pin From Net: NetName=IO23 Pin=J1-1
Removed Pin From Net: NetName=IO4 Pin=J1-9
Removed Pin From Net: NetName=IO2 Pin=J2-1
Removed Pin From Net: NetName=IO15 Pin=J2-2
Removed Pin From Net: NetName=IO13 Pin=J2-3
Removed Pin From Net: NetName=IO12 Pin=J2-4
Removed Pin From Net: NetName=IO14 Pin=J2-5
Removed Pin From Net: NetName=IO27 Pin=J2-6
Removed Pin From Net: NetName=IO33 Pin=J2-7
Removed Pin From Net: NetName=IO32 Pin=J2-8
Removed Pin From Net: NetName=IO35 Pin=J2-9
Removed Pin From Net: NetName=IO34 Pin=J2-10
Change Component Footprint: Designator=J1 Old Footprint=PHONEIX New Footprint=PHOENIX_1715789
Change Component Footprint: Designator=J2 Old Footprint=PHONEIX New Footprint=PHOENIX_1715789
Change Component Comment : Designator=J1 Old Comment=PHONENIX New Comment=
Change Component Comment : Designator=J2 Old Comment=PHONENIX New Comment=
Change component parameters: Designator = "J1" ("J1"); Footprint = "PHONEIX"; UniqueID = "\WNEVDGIU" ("\WNEVDGIU")
Change component parameters (AddParameter): Name = "Author"; Value = "CERN DEM JMW"; VariantName = "[No Variations]"
Change component parameters (AddParameter): Name = "Component Type"; Value = "Standard"; VariantName = "[No Variations]"
Change component parameters (AddParameter): Name = "ComponentHeight"; Value = "13.8mm"; VariantName = "[No Variations]"
Change component parameters (AddParameter): Name = "CreateDate"; Value = "25.02.2013"; VariantName = "[No Variations]"
Change component parameters (AddParameter): Name = "HelpURL"; Value = "\\cern.ch\dfs\Applications\Altium\Datasheets\PHOENIX_1715789.pdf"; VariantName = "[No Variations]"
Change component parameters (AddParameter): Name = "LatestRevisionDate"; Value = "25.02.2013"; VariantName = "[No Variations]"
Change component parameters (AddParameter): Name = "Manufacturer"; Value = "PHOENIX CONTACT"; VariantName = "[No Variations]"
Change component parameters (AddParameter): Name = "Manufacturer Part Number"; Value = "1715789 (MKDS 1,5/8-5,08)"; VariantName = "[No Variations]"
Change component parameters (AddParameter): Name = "Mounted"; Value = "Yes"; VariantName = "[No Variations]"
Change component parameters (AddParameter): Name = "Part Description"; Value = "17.5A, 400V, Terminal Block, Pitch 5.08mm, 8 Positions, Screw Connection"; VariantName = "[No Variations]"
Change component parameters (AddParameter): Name = "Part Number"; Value = "PHOENIX_1715789"; VariantName = "[No Variations]"
Change component parameters (AddParameter): Name = "Pin Count"; Value = "8"; VariantName = "[No Variations]"
Change component parameters (AddParameter): Name = "PressFit"; Value = "No"; VariantName = "[No Variations]"
Change component parameters (AddParameter): Name = "Sense"; Value = "No"; VariantName = "[No Variations]"
Change component parameters (AddParameter): Name = "SMD"; Value = "No"; VariantName = "[No Variations]"
Change component parameters (AddParameter): Name = "Socket"; Value = "No"; VariantName = "[No Variations]"
Change component parameters (AddParameter): Name = "Status"; Value = "None"; VariantName = "[No Variations]"
Change component parameters: Designator = "J2" ("J2"); Footprint = "PHONEIX"; UniqueID = "\HKRAZTAB" ("\HKRAZTAB")
Change component parameters (AddParameter): Name = "Author"; Value = "CERN DEM JMW"; VariantName = "[No Variations]"
Change component parameters (AddParameter): Name = "Component Type"; Value = "Standard"; VariantName = "[No Variations]"
Change component parameters (AddParameter): Name = "ComponentHeight"; Value = "13.8mm"; VariantName = "[No Variations]"
Change component parameters (AddParameter): Name = "CreateDate"; Value = "25.02.2013"; VariantName = "[No Variations]"
Change component parameters (AddParameter): Name = "HelpURL"; Value = "\\cern.ch\dfs\Applications\Altium\Datasheets\PHOENIX_1715789.pdf"; VariantName = "[No Variations]"
Change component parameters (AddParameter): Name = "LatestRevisionDate"; Value = "25.02.2013"; VariantName = "[No Variations]"
Change component parameters (AddParameter): Name = "Manufacturer"; Value = "PHOENIX CONTACT"; VariantName = "[No Variations]"
Change component parameters (AddParameter): Name = "Manufacturer Part Number"; Value = "1715789 (MKDS 1,5/8-5,08)"; VariantName = "[No Variations]"
Change component parameters (AddParameter): Name = "Mounted"; Value = "Yes"; VariantName = "[No Variations]"
Change component parameters (AddParameter): Name = "Part Description"; Value = "17.5A, 400V, Terminal Block, Pitch 5.08mm, 8 Positions, Screw Connection"; VariantName = "[No Variations]"
Change component parameters (AddParameter): Name = "Part Number"; Value = "PHOENIX_1715789"; VariantName = "[No Variations]"
Change component parameters (AddParameter): Name = "Pin Count"; Value = "8"; VariantName = "[No Variations]"
Change component parameters (AddParameter): Name = "PressFit"; Value = "No"; VariantName = "[No Variations]"
Change component parameters (AddParameter): Name = "Sense"; Value = "No"; VariantName = "[No Variations]"
Change component parameters (AddParameter): Name = "SMD"; Value = "No"; VariantName = "[No Variations]"
Change component parameters (AddParameter): Name = "Socket"; Value = "No"; VariantName = "[No Variations]"
Change component parameters (AddParameter): Name = "Status"; Value = "None"; VariantName = "[No Variations]"
Added Component: Designator=LCD1(OLED)
Added Component: Designator=LD5(LED_KINGBRIGHT_KP-1608CGCK)
Add component (AddParameter): Name = "Author"; Value = "CERN DEM HF"; VariantName = "[No Variations]"
Add component (AddParameter): Name = "Bonding"; Value = "No"; VariantName = "[No Variations]"
Add component (AddParameter): Name = "Case"; Value = "0603"; VariantName = "[No Variations]"
Add component (AddParameter): Name = "Color"; Value = "Green"; VariantName = "[No Variations]"
Add component (AddParameter): Name = "Component Type"; Value = "Standard"; VariantName = "[No Variations]"
Add component (AddParameter): Name = "ComponentHeight"; Value = "1.1mm"; VariantName = "[No Variations]"
Add component (AddParameter): Name = "CreateDate"; Value = "1.10.2021"; VariantName = "[No Variations]"
Add component (AddParameter): Name = "HelpURL"; Value = "\\cern.ch\dfs\Applications\Altium\Datasheets\LED_KINGBRIGHT_KP-1608CGCK.pdf"; VariantName = "[No Variations]"
Add component (AddParameter): Name = "LatestRevisionDate"; Value = "1.10.2021"; VariantName = "[No Variations]"
Add component (AddParameter): Name = "Manufacturer"; Value = "KINGBRIGHT"; VariantName = "[No Variations]"
Add component (AddParameter): Name = "Manufacturer Part Number"; Value = "KP-1608CGCK"; VariantName = "[No Variations]"
Add component (AddParameter): Name = "Mounted"; Value = "Yes"; VariantName = "[No Variations]"
Add component (AddParameter): Name = "PackageDescription"; Value = "SMT Green LED, Case 0603, Body L 1.60mm x W 0.80mm x H 1.10mm"; VariantName = "[No Variations]"
Add component (AddParameter): Name = "Part Description"; Value = "1.6x0.8mm SMD Chip Green LED Lamp"; VariantName = "[No Variations]"
Add component (AddParameter): Name = "Part Number"; Value = "LED_KINGBRIGHT_KP-1608CGCK"; VariantName = "[No Variations]"
Add component (AddParameter): Name = "Pin Count"; Value = "2"; VariantName = "[No Variations]"
Add component (AddParameter): Name = "PressFit"; Value = "No"; VariantName = "[No Variations]"
Add component (AddParameter): Name = "Sense"; Value = "No"; VariantName = "[No Variations]"
Add component (AddParameter): Name = "SMD"; Value = "Yes"; VariantName = "[No Variations]"
Add component (AddParameter): Name = "Socket"; Value = "No"; VariantName = "[No Variations]"
Added Component: Designator=R18(RESC1608X55N)
Add component (AddParameter): Name = "Author"; Value = "CERN DEM JLC"; VariantName = "[No Variations]"
Add component (AddParameter): Name = "Case"; Value = "0603"; VariantName = "[No Variations]"
Add component (AddParameter): Name = "Component Type"; Value = "Standard"; VariantName = "[No Variations]"
Add component (AddParameter): Name = "CreateDate"; Value = "3.12.2007"; VariantName = "[No Variations]"
Add component (AddParameter): Name = "HelpURL"; Value = "\\cern.ch\dfs\Applications\Altium\Datasheets\R0603_NIC_NRC.pdf"; VariantName = "[No Variations]"
Add component (AddParameter): Name = "LatestRevisionDate"; Value = "13.03.2008"; VariantName = "[No Variations]"
Add component (AddParameter): Name = "Manufacturer"; Value = "GENERIC"; VariantName = "[No Variations]"
Add component (AddParameter): Name = "Manufacturer1 ComponentHeight"; Value = "0.55mm"; VariantName = "[No Variations]"
Add component (AddParameter): Name = "Manufacturer1 Example"; Value = "NIC COMPONENT"; VariantName = "[No Variations]"
Add component (AddParameter): Name = "Manufacturer1 Part Number"; Value = "NRC06F47R0TRF"; VariantName = "[No Variations]"
Add component (AddParameter): Name = "Manufacturer Part Number"; Value = "R0603_47R_1%_0.1W_100PPM"; VariantName = "[No Variations]"
Add component (AddParameter): Name = "Mounted"; Value = "Yes"; VariantName = "[No Variations]"
Add component (AddParameter): Name = "Part Description"; Value = "General Purpose Thick Film Chip Resistor"; VariantName = "[No Variations]"
Add component (AddParameter): Name = "Part Number"; Value = "R0603_47R_1%_0.1W_100PPM"; VariantName = "[No Variations]"
Add component (AddParameter): Name = "Pin Count"; Value = "2"; VariantName = "[No Variations]"
Add component (AddParameter): Name = "Power"; Value = "0.1W"; VariantName = "[No Variations]"
Add component (AddParameter): Name = "PressFit"; Value = "No"; VariantName = "[No Variations]"
Add component (AddParameter): Name = "Sense"; Value = "No"; VariantName = "[No Variations]"
Add component (AddParameter): Name = "SMD"; Value = "Yes"; VariantName = "[No Variations]"
Add component (AddParameter): Name = "Socket"; Value = "No"; VariantName = "[No Variations]"
Add component (AddParameter): Name = "Status"; Value = "Preferred"; VariantName = "[No Variations]"
Add component (AddParameter): Name = "TC"; Value = "±100ppm/°C"; VariantName = "[No Variations]"
Add component (AddParameter): Name = "Tolerance"; Value = "±1%"; VariantName = "[No Variations]"
Add component (AddParameter): Name = "Value"; Value = "47"; VariantName = "[No Variations]"
Added Pin To Net: NetName=IO15 Pin=J1-1
Added Pin To Net: NetName=IO2 Pin=J1-2
Added Pin To Net: NetName=IO23 Pin=J1-3
Added Pin To Net: NetName=IO13 Pin=J2-1
Added Pin To Net: NetName=IO12 Pin=J2-2
Added Pin To Net: NetName=IO14 Pin=J2-3
Added Pin To Net: NetName=IO27 Pin=J2-4
Added Pin To Net: NetName=IO33 Pin=J2-5
Added Pin To Net: NetName=IO32 Pin=J2-6
Added Pin To Net: NetName=IO35 Pin=J2-7
Added Pin To Net: NetName=IO34 Pin=J2-8
Added Pin To Net: NetName=GND Pin=LCD1-1
Added Pin To Net: NetName=IO4 Pin=LD5-2
Added Pin To Net: NetName=GND Pin=R18-1
Added Pin To Net: NetName=+3.3 Pin=LCD1-2
Added Net: Name=+3.3
Added Pin To Net: NetName=NetLD5_1 Pin=LD5-1
Added Pin To Net: NetName=NetLD5_1 Pin=R18-2
Added Net: Name=NetLD5_1
Added Pin To Net: NetName=SCL Pin=LCD1-3
Added Pin To Net: NetName=SCL Pin=U1-36
Added Net: Name=SCL
Added Pin To Net: NetName=SDA Pin=LCD1-4
Added Pin To Net: NetName=SDA Pin=U1-33
Added Net: Name=SDA
Added Member To Class: ClassName=Core Member=Component LCD1 OLED
Added Member To Class: ClassName=Core Member=Component LD5 Green
Added Member To Class: ClassName=Core Member=Component R18 47
Added Rule: Name=Schematic Supply Nets_5
