Change Component Footprint: Designator=J1 Old Footprint=PHOENIX_1725711 New Footprint=PHOENIX_1715789
Change Component Footprint: Designator=J2 Old Footprint=PHOENIX_1725711 New Footprint=PHOENIX_1715789
Change component parameters: Designator = "J1" ("J1"); Footprint = "PHOENIX_1725711"; UniqueID = "\QLSGXFNH" ("\QLSGXFNH")
Change component parameters (AddParameter): Name = "Author"; Value = "CERN DEM JMW"; VariantName = "[No Variations]"
Change component parameters (AddParameter): Name = "Component Type"; Value = "Standard"; VariantName = "[No Variations]"
Change component parameters (AddParameter): Name = "ComponentHeight"; Value = "13.8mm"; VariantName = "[No Variations]"
Change component parameters (AddParameter): Name = "CreateDate"; Value = "25.02.2013"; VariantName = "[No Variations]"
Change component parameters (AddParameter): Name = "HelpURL"; Value = "\\cern.ch\dfs\Applications\Altium\Datasheets\PHOENIX_1715789.pdf"; VariantName = "[No Variations]"
Change component parameters (AddParameter): Name = "LatestRevisionDate"; Value = "25.02.2013"; VariantName = "[No Variations]"
Change component parameters (AddParameter): Name = "Manufacturer"; Value = "PHOENIX CONTACT"; VariantName = "[No Variations]"
Change component parameters (AddParameter): Name = "Manufacturer Part Number"; Value = "1715789 (MKDS 1,5/8-5,08)"; VariantName = "[No Variations]"
Change component parameters (AddParameter): Name = "Mounted"; Value = "Yes"; VariantName = "[No Variations]"
Change component parameters (AddParameter): Name = "Part Description"; Value = "17.5A, 400V, Terminal Block, Pitch 5.08mm, 8 Positions, Screw Connection"; VariantName = "[No Variations]"
Change component parameters (AddParameter): Name = "Part Number"; Value = "PHOENIX_1715789"; VariantName = "[No Variations]"
Change component parameters (AddParameter): Name = "Pin Count"; Value = "8"; VariantName = "[No Variations]"
Change component parameters (AddParameter): Name = "PressFit"; Value = "No"; VariantName = "[No Variations]"
Change component parameters (AddParameter): Name = "Sense"; Value = "No"; VariantName = "[No Variations]"
Change component parameters (AddParameter): Name = "SMD"; Value = "No"; VariantName = "[No Variations]"
Change component parameters (AddParameter): Name = "Socket"; Value = "No"; VariantName = "[No Variations]"
Change component parameters (AddParameter): Name = "Status"; Value = "None"; VariantName = "[No Variations]"
Change component parameters: Designator = "J2" ("J2"); Footprint = "PHOENIX_1725711"; UniqueID = "\FBBKEHAZ" ("\FBBKEHAZ")
Change component parameters (AddParameter): Name = "Author"; Value = "CERN DEM JMW"; VariantName = "[No Variations]"
Change component parameters (AddParameter): Name = "Component Type"; Value = "Standard"; VariantName = "[No Variations]"
Change component parameters (AddParameter): Name = "ComponentHeight"; Value = "13.8mm"; VariantName = "[No Variations]"
Change component parameters (AddParameter): Name = "CreateDate"; Value = "25.02.2013"; VariantName = "[No Variations]"
Change component parameters (AddParameter): Name = "HelpURL"; Value = "\\cern.ch\dfs\Applications\Altium\Datasheets\PHOENIX_1715789.pdf"; VariantName = "[No Variations]"
Change component parameters (AddParameter): Name = "LatestRevisionDate"; Value = "25.02.2013"; VariantName = "[No Variations]"
Change component parameters (AddParameter): Name = "Manufacturer"; Value = "PHOENIX CONTACT"; VariantName = "[No Variations]"
Change component parameters (AddParameter): Name = "Manufacturer Part Number"; Value = "1715789 (MKDS 1,5/8-5,08)"; VariantName = "[No Variations]"
Change component parameters (AddParameter): Name = "Mounted"; Value = "Yes"; VariantName = "[No Variations]"
Change component parameters (AddParameter): Name = "Part Description"; Value = "17.5A, 400V, Terminal Block, Pitch 5.08mm, 8 Positions, Screw Connection"; VariantName = "[No Variations]"
Change component parameters (AddParameter): Name = "Part Number"; Value = "PHOENIX_1715789"; VariantName = "[No Variations]"
Change component parameters (AddParameter): Name = "Pin Count"; Value = "8"; VariantName = "[No Variations]"
Change component parameters (AddParameter): Name = "PressFit"; Value = "No"; VariantName = "[No Variations]"
Change component parameters (AddParameter): Name = "Sense"; Value = "No"; VariantName = "[No Variations]"
Change component parameters (AddParameter): Name = "SMD"; Value = "No"; VariantName = "[No Variations]"
Change component parameters (AddParameter): Name = "Socket"; Value = "No"; VariantName = "[No Variations]"
Change component parameters (AddParameter): Name = "Status"; Value = "None"; VariantName = "[No Variations]"
