Removed Pin From Net: NetName=NetJ4_2 Pin=RL1-COM
Removed Pin From Net: NetName=NetJ4_1 Pin=RL1-NC
Removed Pin From Net: NetName=NetJ4_3 Pin=RL1-NO
Removed Member From Class: ClassName=Core Member=J5
Change Component Footprint: Designator=J4 Old Footprint=PHOENIX_1725669 New Footprint=PHOENIX_1715734
Change component parameters: Designator = "J4" ("J4"); Footprint = "PHOENIX_1725669"; UniqueID = "\GAUAFYGG" ("\GAUAFYGG")
Change component parameters (AddParameter): Name = "Author"; Value = "CERN DEM JLC"; VariantName = "[No Variations]"
Change component parameters (AddParameter): Name = "Component Type"; Value = "Standard"; VariantName = "[No Variations]"
Change component parameters (AddParameter): Name = "ComponentHeight"; Value = "13.8mm"; VariantName = "[No Variations]"
Change component parameters (AddParameter): Name = "CreateDate"; Value = "6.01.2010"; VariantName = "[No Variations]"
Change component parameters (AddParameter): Name = "HelpURL"; Value = "\\cern.ch\dfs\Applications\Altium\Datasheets\PHOENIX_1715734.pdf"; VariantName = "[No Variations]"
Change component parameters (AddParameter): Name = "LatestRevisionDate"; Value = "25.02.2013"; VariantName = "[No Variations]"
Change component parameters (AddParameter): Name = "Manufacturer"; Value = "PHOENIX CONTACT"; VariantName = "[No Variations]"
Change component parameters (AddParameter): Name = "Manufacturer Part Number"; Value = "1715734 (MKDS 1,5/3-5,08)"; VariantName = "[No Variations]"
Change component parameters (AddParameter): Name = "Mounted"; Value = "Yes"; VariantName = "[No Variations]"
Change component parameters (AddParameter): Name = "Part Description"; Value = "17.5A, 400V, Terminal Block, Pitch 5.08mm, 3 Positions, Screw Connection"; VariantName = "[No Variations]"
Change component parameters (AddParameter): Name = "Part Number"; Value = "PHOENIX_1715734"; VariantName = "[No Variations]"
Change component parameters (AddParameter): Name = "Pin Count"; Value = "3"; VariantName = "[No Variations]"
Change component parameters (AddParameter): Name = "PressFit"; Value = "No"; VariantName = "[No Variations]"
Change component parameters (AddParameter): Name = "Sense"; Value = "No"; VariantName = "[No Variations]"
Change component parameters (AddParameter): Name = "SMD"; Value = "No"; VariantName = "[No Variations]"
Change component parameters (AddParameter): Name = "Socket"; Value = "No"; VariantName = "[No Variations]"
Change component parameters (AddParameter): Name = "Status"; Value = "None"; VariantName = "[No Variations]"
Added Component: Designator=J3(PHOENIX_1715734)
Add component (AddParameter): Name = "Author"; Value = "CERN DEM JLC"; VariantName = "[No Variations]"
Add component (AddParameter): Name = "Component Type"; Value = "Standard"; VariantName = "[No Variations]"
Add component (AddParameter): Name = "ComponentHeight"; Value = "13.8mm"; VariantName = "[No Variations]"
Add component (AddParameter): Name = "CreateDate"; Value = "6.01.2010"; VariantName = "[No Variations]"
Add component (AddParameter): Name = "HelpURL"; Value = "\\cern.ch\dfs\Applications\Altium\Datasheets\PHOENIX_1715734.pdf"; VariantName = "[No Variations]"
Add component (AddParameter): Name = "LatestRevisionDate"; Value = "25.02.2013"; VariantName = "[No Variations]"
Add component (AddParameter): Name = "Manufacturer"; Value = "PHOENIX CONTACT"; VariantName = "[No Variations]"
Add component (AddParameter): Name = "Manufacturer Part Number"; Value = "1715734 (MKDS 1,5/3-5,08)"; VariantName = "[No Variations]"
Add component (AddParameter): Name = "Mounted"; Value = "Yes"; VariantName = "[No Variations]"
Add component (AddParameter): Name = "Part Description"; Value = "17.5A, 400V, Terminal Block, Pitch 5.08mm, 3 Positions, Screw Connection"; VariantName = "[No Variations]"
Add component (AddParameter): Name = "Part Number"; Value = "PHOENIX_1715734"; VariantName = "[No Variations]"
Add component (AddParameter): Name = "Pin Count"; Value = "3"; VariantName = "[No Variations]"
Add component (AddParameter): Name = "PressFit"; Value = "No"; VariantName = "[No Variations]"
Add component (AddParameter): Name = "Sense"; Value = "No"; VariantName = "[No Variations]"
Add component (AddParameter): Name = "SMD"; Value = "No"; VariantName = "[No Variations]"
Add component (AddParameter): Name = "Socket"; Value = "No"; VariantName = "[No Variations]"
Add component (AddParameter): Name = "Status"; Value = "None"; VariantName = "[No Variations]"
Added Pin To Net: NetName=NetJ4_2 Pin=RL2-COM
Added Pin To Net: NetName=NetJ4_1 Pin=RL2-NC
Added Pin To Net: NetName=NetJ4_3 Pin=RL2-NO
Added Pin To Net: NetName=NetJ3_1 Pin=J3-1
Added Pin To Net: NetName=NetJ3_1 Pin=RL1-NC
Added Net: Name=NetJ3_1
Added Pin To Net: NetName=NetJ3_2 Pin=J3-2
Added Pin To Net: NetName=NetJ3_2 Pin=RL1-COM
Added Net: Name=NetJ3_2
Added Pin To Net: NetName=NetJ3_3 Pin=J3-3
Added Pin To Net: NetName=NetJ3_3 Pin=RL1-NO
Added Net: Name=NetJ3_3
Added Member To Class: ClassName=Core Member=Component J3
