Removed Pin From Net: NetName=IO2 Pin=J1-1
Removed Pin From Net: NetName=IO4 Pin=J1-2
Removed Pin From Net: NetName=IO5 Pin=J1-3
Removed Pin From Net: NetName=IO12 Pin=J1-4
Removed Pin From Net: NetName=IO13 Pin=J1-5
Removed Pin From Net: NetName=IO14 Pin=J1-6
Removed Pin From Net: NetName=IO15 Pin=J1-7
Removed Pin From Net: NetName=IO16 Pin=J1-8
Removed Pin From Net: NetName=IO17 Pin=J2-1
Removed Pin From Net: NetName=IO18 Pin=J2-2
Removed Pin From Net: NetName=IO19 Pin=J2-3
Removed Pin From Net: NetName=IO21 Pin=J2-4
Removed Pin From Net: NetName=IO22 Pin=J2-5
Removed Pin From Net: NetName=IO23 Pin=J2-6
Removed Pin From Net: NetName=IO27 Pin=J2-7
Removed Pin From Net: NetName=IO32 Pin=J2-8
Removed Pin From Net: NetName=IO33 Pin=J3-1
Removed Pin From Net: NetName=IO34 Pin=J3-2
Removed Pin From Net: NetName=IO35 Pin=J3-3
Removed Member From Class: ClassName=Core Member=J1
Removed Member From Class: ClassName=Core Member=J2
Removed Member From Class: ClassName=Core Member=J3
Add Pin To Net: Unknown Pin: Pin *-1
Add Pin To Net: Unknown Pin: Pin *-2
Add Pin To Net: Unknown Pin: Pin *-3
Add Pin To Net: Unknown Pin: Pin *-4
Add Pin To Net: Unknown Pin: Pin *-5
Add Pin To Net: Unknown Pin: Pin *-6
Add Pin To Net: Unknown Pin: Pin *-7
Add Pin To Net: Unknown Pin: Pin *-8
Add Pin To Net: Unknown Pin: Pin *-9
Add Pin To Net: Unknown Pin: Pin *-10
Add Pin To Net: Unknown Pin: Pin *?-1
Add Pin To Net: Unknown Pin: Pin *?-2
Add Pin To Net: Unknown Pin: Pin *?-3
Add Pin To Net: Unknown Pin: Pin *?-4
Add Pin To Net: Unknown Pin: Pin *?-5
Add Pin To Net: Unknown Pin: Pin *?-6
Add Pin To Net: Unknown Pin: Pin *?-7
Add Pin To Net: Unknown Pin: Pin *?-8
Add Pin To Net: Unknown Pin: Pin *?-9
Add Class Member: Failed to add class member : Component *? PHONENIX
Add Class Member: Failed to add class member : Component * PHONENIX
